0 info it worked if it ends with ok
1 verbose cli [ '/usr/local/bin/node',
1 verbose cli   '/usr/local/bin/npm',
1 verbose cli   'install',
1 verbose cli   'reuest',
1 verbose cli   '--save' ]
2 info using npm@2.15.9
3 info using node@v4.6.0
4 verbose install initial load of /Users/Danny/Bootcamp/Homework/news-chatter/package.json
5 warn package.json news-chatter@1.0.0 No README data
6 verbose installManyTop reading scoped package data from /Users/Danny/Bootcamp/Homework/news-chatter/node_modules/body-parser/package.json
7 verbose installManyTop reading scoped package data from /Users/Danny/Bootcamp/Homework/news-chatter/node_modules/cheerio/package.json
8 verbose installManyTop reading scoped package data from /Users/Danny/Bootcamp/Homework/news-chatter/node_modules/express/package.json
9 verbose installManyTop reading scoped package data from /Users/Danny/Bootcamp/Homework/news-chatter/node_modules/express-handlebars/package.json
10 verbose installManyTop reading scoped package data from /Users/Danny/Bootcamp/Homework/news-chatter/node_modules/mongoose/package.json
11 verbose readDependencies loading dependencies from /Users/Danny/Bootcamp/Homework/news-chatter/package.json
12 silly cache add args [ 'reuest', null ]
13 verbose cache add spec reuest
14 silly cache add parsed spec Result {
14 silly cache add   raw: 'reuest',
14 silly cache add   scope: null,
14 silly cache add   name: 'reuest',
14 silly cache add   rawSpec: '',
14 silly cache add   spec: 'latest',
14 silly cache add   type: 'tag' }
15 silly addNamed reuest@latest
16 verbose addNamed "latest" is being treated as a dist-tag for reuest
17 info addNameTag [ 'reuest', 'latest' ]
18 silly mapToRegistry name reuest
19 silly mapToRegistry using default registry
20 silly mapToRegistry registry https://registry.npmjs.org/
21 silly mapToRegistry data Result {
21 silly mapToRegistry   raw: 'reuest',
21 silly mapToRegistry   scope: null,
21 silly mapToRegistry   name: 'reuest',
21 silly mapToRegistry   rawSpec: '',
21 silly mapToRegistry   spec: 'latest',
21 silly mapToRegistry   type: 'tag' }
22 silly mapToRegistry uri https://registry.npmjs.org/reuest
23 verbose addNameTag registry:https://registry.npmjs.org/reuest not in flight; fetching
24 verbose request uri https://registry.npmjs.org/reuest
25 verbose request no auth needed
26 info attempt registry request try #1 at 5:45:10 PM
27 verbose request id 72f1efff61783bc8
28 http request GET https://registry.npmjs.org/reuest
29 http 200 https://registry.npmjs.org/reuest
30 verbose headers { server: 'nginx/1.10.1',
30 verbose headers   'content-type': 'application/json',
30 verbose headers   'last-modified': 'Tue, 17 Nov 2015 18:57:28 GMT',
30 verbose headers   etag: 'W/"564b7898-18d"',
30 verbose headers   'content-encoding': 'gzip',
30 verbose headers   'cache-control': 'max-age=300',
30 verbose headers   'content-length': '245',
30 verbose headers   'accept-ranges': 'bytes',
30 verbose headers   date: 'Tue, 06 Dec 2016 22:45:10 GMT',
30 verbose headers   via: '1.1 varnish',
30 verbose headers   age: '0',
30 verbose headers   connection: 'keep-alive',
30 verbose headers   'x-served-by': 'cache-iad2649-IAD',
30 verbose headers   'x-cache': 'MISS',
30 verbose headers   'x-cache-hits': '0',
30 verbose headers   'x-timer': 'S1481064310.228366,VS0,VE15',
30 verbose headers   vary: 'Accept-Encoding' }
31 silly get cb [ 200,
31 silly get   { server: 'nginx/1.10.1',
31 silly get     'content-type': 'application/json',
31 silly get     'last-modified': 'Tue, 17 Nov 2015 18:57:28 GMT',
31 silly get     etag: 'W/"564b7898-18d"',
31 silly get     'content-encoding': 'gzip',
31 silly get     'cache-control': 'max-age=300',
31 silly get     'content-length': '245',
31 silly get     'accept-ranges': 'bytes',
31 silly get     date: 'Tue, 06 Dec 2016 22:45:10 GMT',
31 silly get     via: '1.1 varnish',
31 silly get     age: '0',
31 silly get     connection: 'keep-alive',
31 silly get     'x-served-by': 'cache-iad2649-IAD',
31 silly get     'x-cache': 'MISS',
31 silly get     'x-cache-hits': '0',
31 silly get     'x-timer': 'S1481064310.228366,VS0,VE15',
31 silly get     vary: 'Accept-Encoding' } ]
32 verbose get saving reuest to /Users/Danny/.npm/registry.npmjs.org/reuest/.cache.json
33 verbose correctMkdir /Users/Danny/.npm correctMkdir not in flight; initializing
34 silly addNameTag next cb for reuest with tag latest
35 verbose stack TypeError: Cannot convert undefined or null to object
35 verbose stack     at Function.keys (native)
35 verbose stack     at installTargetsError (/usr/local/lib/node_modules/npm/lib/cache/add-named.js:273:24)
35 verbose stack     at next (/usr/local/lib/node_modules/npm/lib/cache/add-named.js:94:10)
35 verbose stack     at RES (/usr/local/lib/node_modules/npm/node_modules/inflight/inflight.js:23:14)
35 verbose stack     at f (/usr/local/lib/node_modules/npm/node_modules/once/once.js:17:25)
35 verbose stack     at fixName (/usr/local/lib/node_modules/npm/lib/cache/add-named.js:29:5)
35 verbose stack     at saved (/usr/local/lib/node_modules/npm/lib/cache/caching-client.js:173:7)
35 verbose stack     at /usr/local/lib/node_modules/npm/node_modules/graceful-fs/polyfills.js:210:7
35 verbose stack     at FSReqWrap.oncomplete (fs.js:82:15)
36 verbose cwd /Users/Danny/Bootcamp/Homework/news-chatter
37 error Darwin 16.0.0
38 error argv "/usr/local/bin/node" "/usr/local/bin/npm" "install" "reuest" "--save"
39 error node v4.6.0
40 error npm  v2.15.9
41 error Cannot convert undefined or null to object
42 error If you need help, you may report this error at:
42 error     <https://github.com/npm/npm/issues>
43 verbose exit [ 1, true ]
